<?xml version="1.0" encoding="UTF-8"?>
<!-- Generated by org.testng.reporters.JUnitXMLReporter -->
<testsuite hostname="LAPTOP-8F27PK4M" ignored="2" name="Default test" tests="2" failures="0" timestamp="2021-04-14T14:29:16 IST" time="19.913" errors="0">
  <testcase name="validLoginTest" time="0.283" classname="testPackage.TestSuite_One"/>
  <testcase name="addNewProduct" time="11.45" classname="testPackage.TestSuite_One"/>
  <testcase name="invalidLoginTest" time="0.0" classname="testPackage.TestSuite_One">
    <ignored/>
  </testcase> <!-- invalidLoginTest -->
  <testcase name="logOutTest" time="0.0" classname="testPackage.TestSuite_One">
    <ignored/>
  </testcase> <!-- logOutTest -->
</testsuite> <!-- Default test -->
