<?xml version="1.0" encoding="UTF-8"?>
<!-- Generated by org.testng.reporters.JUnitXMLReporter -->
<testsuite hostname="LAPTOP-8F27PK4M" ignored="0" name="PracticeClass" tests="2" failures="1" timestamp="2021-03-17T12:51:37 IST" time="0.071" errors="0">
  <testcase name="launchBrowser" time="0.013" classname="MavFramework.PracticeClass"/>
  <testcase name="launchApplication" time="0.014" classname="MavFramework.PracticeClass">
    <failure type="java.lang.AssertionError" message="expected [Sinha] but found [Pankaj]">
      <![CDATA[java.lang.AssertionError: expected [Sinha] but found [Pankaj]
at MavFramework.PracticeClass.launchApplication(PracticeClass.java:16)
at java.util.concurrent.ThreadPoolExecutor.runWorker(Unknown Source)
at java.util.concurrent.ThreadPoolExecutor$Worker.run(Unknown Source)
at java.lang.Thread.run(Unknown Source)
... Removed 17 stack frames]]>
    </failure>
  </testcase> <!-- launchApplication -->
</testsuite> <!-- PracticeClass -->
