<?xml version="1.0" encoding="UTF-8"?>
<!-- Generated by org.testng.reporters.JUnitXMLReporter -->
<testsuite hostname="LAPTOP-8F27PK4M" ignored="0" name="TestNGSetup" tests="2" failures="1" timestamp="2021-03-17T11:54:13 IST" time="0.08" errors="0">
  <testcase name="launchBrowser" time="0.011" classname="MavFramework.TestNGSetup"/>
  <testcase name="launchApplication" time="0.012" classname="MavFramework.TestNGSetup">
    <failure type="java.lang.AssertionError" message="expected [Sinha] but found [Pankaj]">
      <![CDATA[java.lang.AssertionError: expected [Sinha] but found [Pankaj]
at MavFramework.TestNGSetup.launchApplication(TestNGSetup.java:16)
at java.util.concurrent.ThreadPoolExecutor.runWorker(Unknown Source)
at java.util.concurrent.ThreadPoolExecutor$Worker.run(Unknown Source)
at java.lang.Thread.run(Unknown Source)
... Removed 17 stack frames]]>
    </failure>
  </testcase> <!-- launchApplication -->
</testsuite> <!-- TestNGSetup -->
