<?xml version="1.0" encoding="UTF-8"?>
<testng-results skipped="0" failed="0" ignored="1" total="3" passed="2">
  <reporter-output>
  </reporter-output>
  <suite name="Default suite" duration-ms="28283" started-at="2021-04-08T15:53:56 IST" finished-at="2021-04-08T15:54:24 IST">
    <groups>
    </groups>
    <test name="Default test" duration-ms="28283" started-at="2021-04-08T15:53:56 IST" finished-at="2021-04-08T15:54:24 IST">
      <class name="testPackage.TestSuite_One">
        <test-method status="PASS" signature="initializeTestEnvironment()[pri:0, instance:testPackage.TestSuite_One@3fd7a715]" name="initializeTestEnvironment" is-config="true" duration-ms="11134" started-at="2021-04-08T15:53:56 IST" finished-at="2021-04-08T15:54:07 IST">
          <reporter-output>
          </reporter-output>
        </test-method> <!-- initializeTestEnvironment -->
        <test-method status="PASS" signature="validLoginTest()[pri:1, instance:testPackage.TestSuite_One@3fd7a715]" name="validLoginTest" duration-ms="539" started-at="2021-04-08T15:54:07 IST" finished-at="2021-04-08T15:54:08 IST">
          <reporter-output>
          </reporter-output>
        </test-method> <!-- validLoginTest -->
        <test-method status="PASS" signature="logOutTest()[pri:3, instance:testPackage.TestSuite_One@3fd7a715]" name="logOutTest" duration-ms="15267" started-at="2021-04-08T15:54:08 IST" finished-at="2021-04-08T15:54:23 IST">
          <reporter-output>
          </reporter-output>
        </test-method> <!-- logOutTest -->
        <test-method status="PASS" signature="closeReport()[pri:0, instance:testPackage.TestSuite_One@3fd7a715]" name="closeReport" is-config="true" duration-ms="990" started-at="2021-04-08T15:54:23 IST" finished-at="2021-04-08T15:54:24 IST">
          <reporter-output>
          </reporter-output>
        </test-method> <!-- closeReport -->
      </class> <!-- testPackage.TestSuite_One -->
    </test> <!-- Default test -->
  </suite> <!-- Default suite -->
</testng-results>
